<?xml version="1.0" encoding="UTF-8"?>
<!-- Generated by org.testng.reporters.JUnitXMLReporter -->
<testsuite ignored="4" hostname="NW-VIVEK-LAPTOP" failures="0" tests="3" name="PROJECT_Test1" time="281.337" errors="0" timestamp="2022-02-03T13:51:21 IST">
  <testcase classname="com.od.testscripts.LawSummaries" name="Employment_Applications" time="62.059"/>
  <testcase classname="com.od.testscripts.FormsDocuments" name="Background_Checks" time="73.632"/>
  <testcase classname="com.od.testscripts.Quick_Guides" name="addQuickGuides" time="111.722"/>
  <testcase classname="com.od.baseutil.BaseTest" name="@AfterSuite killTask" time="0.0">
    <ignored/>
  </testcase> <!-- @AfterSuite killTask -->
  <testcase classname="com.od.baseutil.BaseTest" name="@AfterSuite killTask" time="0.0">
    <ignored/>
  </testcase> <!-- @AfterSuite killTask -->
  <testcase classname="com.od.baseutil.BaseTest" name="@BeforeSuite createFolder" time="0.0">
    <ignored/>
  </testcase> <!-- @BeforeSuite createFolder -->
  <testcase classname="com.od.baseutil.BaseTest" name="@BeforeSuite createFolder" time="0.0">
    <ignored/>
  </testcase> <!-- @BeforeSuite createFolder -->
</testsuite> <!-- PROJECT_Test1 -->
