<?xml version="1.0" encoding="UTF-8"?>
<!-- Generated by org.testng.reporters.JUnitXMLReporter -->
<testsuite ignored="0" hostname="NW-VIVEK-LAPTOP" failures="1" tests="1" name="Test" time="0.154" errors="0" timestamp="2021-07-28T13:02:22 IST">
  <testcase classname="com.od.testscripts.LogintoAppliction" name="login" time="0.0">
    <failure type="org.testng.TestNGException" message="
Cannot inject @Test annotated Method [login] with [class java.lang.String, class java.lang.String].
For more information on native dependency injection please refer to https://testng.org/doc/documentation-main.html#native-dependency-injection">
      <![CDATA[org.testng.TestNGException: 
Cannot inject @Test annotated Method [login] with [class java.lang.String, class java.lang.String].
For more information on native dependency injection please refer to https://testng.org/doc/documentation-main.html#native-dependency-injection
at java.base/java.util.ArrayList.forEach(ArrayList.java:1511)
... Removed 26 stack frames]]>
    </failure>
  </testcase> <!-- login -->
</testsuite> <!-- Test -->
